<?xml version="1.0" encoding="UTF-8"?>
<!-- Generated by org.testng.reporters.JUnitReportReporter -->
<testsuite hostname="IN-PG02A8M3" failures="0" tests="6" name="TestRunner.RunnerApplication" time="192.322" errors="0" timestamp="2022-06-02T19:51:27 IST" skipped="0">
  <testcase classname="TestRunner.RunnerApplication" name="feature" time="36.757"/>
  <system-out/>
  <testcase classname="TestRunner.RunnerApplication" name="feature" time="33.753"/>
  <system-out/>
  <testcase classname="TestRunner.RunnerApplication" name="feature" time="28.773"/>
  <system-out/>
  <testcase classname="TestRunner.RunnerApplication" name="feature" time="19.485"/>
  <system-out/>
  <testcase classname="TestRunner.RunnerApplication" name="feature" time="39.010"/>
  <system-out/>
  <testcase classname="TestRunner.RunnerApplication" name="feature" time="34.544"/>
  <system-out/>
</testsuite> <!-- TestRunner.RunnerApplication -->
