<?xml version="1.0" encoding="UTF-8"?>
<!-- Generated by org.testng.reporters.JUnitReportReporter -->
<testsuite hostname="IN-PG02A8M3" failures="0" tests="6" name="TestRunner.RunnerApplication" time="172.623" errors="0" timestamp="2022-05-28T16:20:52 IST" skipped="0">
  <testcase classname="TestRunner.RunnerApplication" name="feature" time="32.406"/>
  <system-out/>
  <testcase classname="TestRunner.RunnerApplication" name="feature" time="35.501"/>
  <system-out/>
  <testcase classname="TestRunner.RunnerApplication" name="feature" time="28.630"/>
  <system-out/>
  <testcase classname="TestRunner.RunnerApplication" name="feature" time="17.342"/>
  <system-out/>
  <testcase classname="TestRunner.RunnerApplication" name="feature" time="31.332"/>
  <system-out/>
  <testcase classname="TestRunner.RunnerApplication" name="feature" time="27.412"/>
  <system-out/>
</testsuite> <!-- TestRunner.RunnerApplication -->
