<?xml version="1.0" encoding="UTF-8"?>
<!-- Generated by org.testng.reporters.JUnitReportReporter -->
<testsuite hostname="IN-PG02A8M3" failures="0" tests="6" name="TestRunner.RunnerApplication" time="146.362" errors="0" timestamp="2022-06-03T18:57:19 IST" skipped="0">
  <testcase classname="TestRunner.RunnerApplication" name="feature" time="22.491"/>
  <system-out/>
  <testcase classname="TestRunner.RunnerApplication" name="feature" time="15.639"/>
  <system-out/>
  <testcase classname="TestRunner.RunnerApplication" name="feature" time="24.028"/>
  <system-out/>
  <testcase classname="TestRunner.RunnerApplication" name="feature" time="29.589"/>
  <system-out/>
  <testcase classname="TestRunner.RunnerApplication" name="feature" time="28.819"/>
  <system-out/>
  <testcase classname="TestRunner.RunnerApplication" name="feature" time="25.796"/>
  <system-out/>
</testsuite> <!-- TestRunner.RunnerApplication -->
