<?xml version="1.0" encoding="UTF-8"?>
<!-- Generated by org.testng.reporters.JUnitReportReporter -->
<testsuite hostname="IN-PG02A8M3" failures="0" tests="6" name="TestRunner.RunnerApplication" time="135.388" errors="0" timestamp="2022-06-02T22:03:16 IST" skipped="0">
  <testcase classname="TestRunner.RunnerApplication" name="feature" time="18.525"/>
  <system-out/>
  <testcase classname="TestRunner.RunnerApplication" name="feature" time="12.764"/>
  <system-out/>
  <testcase classname="TestRunner.RunnerApplication" name="feature" time="23.762"/>
  <system-out/>
  <testcase classname="TestRunner.RunnerApplication" name="feature" time="28.887"/>
  <system-out/>
  <testcase classname="TestRunner.RunnerApplication" name="feature" time="24.694"/>
  <system-out/>
  <testcase classname="TestRunner.RunnerApplication" name="feature" time="26.756"/>
  <system-out/>
</testsuite> <!-- TestRunner.RunnerApplication -->
