<?xml version="1.0" encoding="UTF-8"?>
<!-- Generated by org.testng.reporters.JUnitReportReporter -->
<testsuite hostname="IN-PG02A8M3" failures="0" tests="6" name="TestRunner.RunnerApplication" time="130.083" errors="0" timestamp="2022-06-03T14:20:18 IST" skipped="0">
  <testcase classname="TestRunner.RunnerApplication" name="feature" time="18.771"/>
  <system-out/>
  <testcase classname="TestRunner.RunnerApplication" name="feature" time="13.325"/>
  <system-out/>
  <testcase classname="TestRunner.RunnerApplication" name="feature" time="22.113"/>
  <system-out/>
  <testcase classname="TestRunner.RunnerApplication" name="feature" time="26.611"/>
  <system-out/>
  <testcase classname="TestRunner.RunnerApplication" name="feature" time="23.616"/>
  <system-out/>
  <testcase classname="TestRunner.RunnerApplication" name="feature" time="25.647"/>
  <system-out/>
</testsuite> <!-- TestRunner.RunnerApplication -->
