<?xml version="1.0" encoding="UTF-8"?>
<!-- Generated by org.testng.reporters.JUnitReportReporter -->
<testsuite hostname="IN-PG02A8M3" failures="0" tests="6" name="TestRunner.RunnerApplication" time="170.589" errors="0" timestamp="2022-06-03T18:23:47 IST" skipped="0">
  <testcase classname="TestRunner.RunnerApplication" name="feature" time="27.438"/>
  <system-out/>
  <testcase classname="TestRunner.RunnerApplication" name="feature" time="14.128"/>
  <system-out/>
  <testcase classname="TestRunner.RunnerApplication" name="feature" time="29.447"/>
  <system-out/>
  <testcase classname="TestRunner.RunnerApplication" name="feature" time="34.191"/>
  <system-out/>
  <testcase classname="TestRunner.RunnerApplication" name="feature" time="35.451"/>
  <system-out/>
  <testcase classname="TestRunner.RunnerApplication" name="feature" time="29.934"/>
  <system-out/>
</testsuite> <!-- TestRunner.RunnerApplication -->
