<?xml version="1.0" encoding="UTF-8"?>
<!-- Generated by org.testng.reporters.JUnitReportReporter -->
<testsuite hostname="IN-PG02A8M3" failures="0" tests="6" name="TestRunner.RunnerApplication" time="162.268" errors="0" timestamp="2022-05-30T12:24:29 IST" skipped="0">
  <testcase classname="TestRunner.RunnerApplication" name="feature" time="24.623"/>
  <system-out/>
  <testcase classname="TestRunner.RunnerApplication" name="feature" time="13.856"/>
  <system-out/>
  <testcase classname="TestRunner.RunnerApplication" name="feature" time="26.731"/>
  <system-out/>
  <testcase classname="TestRunner.RunnerApplication" name="feature" time="29.064"/>
  <system-out/>
  <testcase classname="TestRunner.RunnerApplication" name="feature" time="27.559"/>
  <system-out/>
  <testcase classname="TestRunner.RunnerApplication" name="feature" time="40.435"/>
  <system-out/>
</testsuite> <!-- TestRunner.RunnerApplication -->
